{"/Users/huangyucheng/luozha/RENEKTOY/jest/utils/getSearchObj.ts": {"path":"/Users/huangyucheng/luozha/RENEKTOY/jest/utils/getSearchObj.ts","all":false,"statementMap":{"0":{"start":{"line":1,"column":0},"end":{"line":1,"column":28}},"1":{"start":{"line":2,"column":0},"end":{"line":2,"column":15}},"2":{"start":{"line":3,"column":0},"end":{"line":3,"column":39}},"3":{"start":{"line":4,"column":0},"end":{"line":4,"column":0}},"4":{"start":{"line":5,"column":0},"end":{"line":5,"column":14}},"5":{"start":{"line":6,"column":0},"end":{"line":6,"column":38}},"6":{"start":{"line":7,"column":0},"end":{"line":7,"column":0}},"7":{"start":{"line":8,"column":0},"end":{"line":8,"column":21}},"8":{"start":{"line":9,"column":0},"end":{"line":9,"column":39}},"9":{"start":{"line":10,"column":0},"end":{"line":10,"column":0}},"10":{"start":{"line":11,"column":0},"end":{"line":11,"column":19}},"11":{"start":{"line":12,"column":0},"end":{"line":12,"column":49}},"12":{"start":{"line":13,"column":0},"end":{"line":13,"column":0}},"13":{"start":{"line":14,"column":0},"end":{"line":14,"column":29}},"14":{"start":{"line":15,"column":0},"end":{"line":15,"column":17}},"15":{"start":{"line":16,"column":0},"end":{"line":16,"column":45}},"16":{"start":{"line":17,"column":0},"end":{"line":17,"column":31}},"17":{"start":{"line":18,"column":0},"end":{"line":18,"column":7}},"18":{"start":{"line":19,"column":0},"end":{"line":19,"column":0}},"19":{"start":{"line":20,"column":0},"end":{"line":20,"column":21}},"20":{"start":{"line":21,"column":0},"end":{"line":21,"column":2}},"21":{"start":{"line":22,"column":0},"end":{"line":22,"column":0}},"22":{"start":{"line":23,"column":0},"end":{"line":23,"column":31}},"23":{"start":{"line":24,"column":0},"end":{"line":24,"column":33}},"24":{"start":{"line":25,"column":0},"end":{"line":25,"column":64}},"25":{"start":{"line":26,"column":0},"end":{"line":26,"column":9}},"26":{"start":{"line":27,"column":0},"end":{"line":27,"column":5}},"27":{"start":{"line":28,"column":0},"end":{"line":28,"column":0}},"28":{"start":{"line":29,"column":0},"end":{"line":29,"column":28}}},"s":{"0":1,"1":2,"2":2,"3":2,"4":2,"5":2,"6":2,"7":2,"8":2,"9":2,"10":2,"11":2,"12":2,"13":2,"14":3,"15":3,"16":3,"17":2,"18":2,"19":2,"20":2,"21":1,"22":1,"23":1,"24":1,"25":1,"26":1,"27":1,"28":1},"branchMap":{"0":{"type":"branch","line":1,"loc":{"start":{"line":1,"column":21},"end":{"line":21,"column":2}},"locations":[{"start":{"line":1,"column":21},"end":{"line":21,"column":2}}]},"1":{"type":"branch","line":14,"loc":{"start":{"line":14,"column":18},"end":{"line":18,"column":5}},"locations":[{"start":{"line":14,"column":18},"end":{"line":18,"column":5}}]}},"b":{"0":[2],"1":[3]},"fnMap":{"0":{"name":"getSearchObj","decl":{"start":{"line":1,"column":21},"end":{"line":21,"column":2}},"loc":{"start":{"line":1,"column":21},"end":{"line":21,"column":2}},"line":1}},"f":{"0":2}}
,"/Users/huangyucheng/luozha/RENEKTOY/jest/utils/storage.ts": {"path":"/Users/huangyucheng/luozha/RENEKTOY/jest/utils/storage.ts","all":false,"statementMap":{"0":{"start":{"line":1,"column":0},"end":{"line":1,"column":23}},"1":{"start":{"line":2,"column":0},"end":{"line":2,"column":27}},"2":{"start":{"line":3,"column":0},"end":{"line":3,"column":0}},"3":{"start":{"line":4,"column":0},"end":{"line":4,"column":45}},"4":{"start":{"line":5,"column":0},"end":{"line":5,"column":46}},"5":{"start":{"line":6,"column":0},"end":{"line":6,"column":2}},"6":{"start":{"line":7,"column":0},"end":{"line":7,"column":0}},"7":{"start":{"line":8,"column":0},"end":{"line":8,"column":30}},"8":{"start":{"line":9,"column":0},"end":{"line":9,"column":46}},"9":{"start":{"line":10,"column":0},"end":{"line":10,"column":2}},"10":{"start":{"line":11,"column":0},"end":{"line":11,"column":0}},"11":{"start":{"line":12,"column":0},"end":{"line":12,"column":17}},"12":{"start":{"line":13,"column":0},"end":{"line":13,"column":6}},"13":{"start":{"line":14,"column":0},"end":{"line":14,"column":6}},"14":{"start":{"line":15,"column":0},"end":{"line":15,"column":2}},"15":{"start":{"line":16,"column":0},"end":{"line":16,"column":0}},"16":{"start":{"line":17,"column":0},"end":{"line":17,"column":23}}},"s":{"0":1,"1":1,"2":1,"3":1,"4":1,"5":1,"6":1,"7":1,"8":1,"9":1,"10":1,"11":1,"12":1,"13":1,"14":1,"15":1,"16":1},"branchMap":{"0":{"type":"branch","line":4,"loc":{"start":{"line":4,"column":12},"end":{"line":6,"column":2}},"locations":[{"start":{"line":4,"column":12},"end":{"line":6,"column":2}}]},"1":{"type":"branch","line":8,"loc":{"start":{"line":8,"column":12},"end":{"line":10,"column":2}},"locations":[{"start":{"line":8,"column":12},"end":{"line":10,"column":2}}]}},"b":{"0":[1],"1":[1]},"fnMap":{"0":{"name":"set","decl":{"start":{"line":4,"column":12},"end":{"line":6,"column":2}},"loc":{"start":{"line":4,"column":12},"end":{"line":6,"column":2}},"line":4},"1":{"name":"get","decl":{"start":{"line":8,"column":12},"end":{"line":10,"column":2}},"loc":{"start":{"line":8,"column":12},"end":{"line":10,"column":2}},"line":8}},"f":{"0":1,"1":1}}
,"/Users/huangyucheng/luozha/RENEKTOY/jest/utils/sum.ts": {"path":"/Users/huangyucheng/luozha/RENEKTOY/jest/utils/sum.ts","all":false,"statementMap":{"0":{"start":{"line":1,"column":0},"end":{"line":1,"column":26}},"1":{"start":{"line":2,"column":0},"end":{"line":2,"column":20}},"2":{"start":{"line":3,"column":0},"end":{"line":3,"column":5}},"3":{"start":{"line":4,"column":0},"end":{"line":4,"column":0}},"4":{"start":{"line":5,"column":0},"end":{"line":5,"column":24}},"5":{"start":{"line":6,"column":0},"end":{"line":6,"column":0}},"6":{"start":{"line":7,"column":0},"end":{"line":7,"column":39}},"7":{"start":{"line":8,"column":0},"end":{"line":8,"column":17}},"8":{"start":{"line":9,"column":0},"end":{"line":9,"column":2}},"9":{"start":{"line":10,"column":0},"end":{"line":10,"column":0}},"10":{"start":{"line":11,"column":0},"end":{"line":11,"column":19}}},"s":{"0":1,"1":1,"2":1,"3":1,"4":1,"5":1,"6":1,"7":1,"8":1,"9":1,"10":1},"branchMap":{"0":{"type":"branch","line":7,"loc":{"start":{"line":7,"column":12},"end":{"line":9,"column":2}},"locations":[{"start":{"line":7,"column":12},"end":{"line":9,"column":2}}]}},"b":{"0":[1]},"fnMap":{"0":{"name":"sum","decl":{"start":{"line":7,"column":12},"end":{"line":9,"column":2}},"loc":{"start":{"line":7,"column":12},"end":{"line":9,"column":2}},"line":7}},"f":{"0":1}}
}
